<?xml version="1.0" encoding="UTF-8"?>
<!-- Generated by org.testng.reporters.JUnitReportReporter -->
<testsuite skipped="0" hostname="QTLSYS2-48" name="LendNation.QC_LendNation.RefinanceStepup" tests="1" failures="0" timestamp="30 Oct 2018 05:58:35 GMT" time="66.257" errors="0">
  <testcase name="RefinanceStepup" time="66.257" classname="LendNation.QC_LendNation.RefinanceStepup"/>
</testsuite> <!-- LendNation.QC_LendNation.RefinanceStepup -->
