<?xml version="1.0" encoding="UTF-8"?>
<!-- Generated by org.testng.reporters.JUnitReportReporter -->
<testsuite skipped="0" hostname="QTLSYS2-48" name="LendNation.QC_LendNation.QcEPP" tests="1" failures="0" timestamp="05 Nov 2018 13:07:58 GMT" time="31.103" errors="0">
  <testcase name="QC_EPPDeposit" time="31.103" classname="LendNation.QC_LendNation.QcEPP"/>
</testsuite> <!-- LendNation.QC_LendNation.QcEPP -->
