<?xml version="1.0" encoding="UTF-8"?>
<!-- Generated by org.testng.reporters.JUnitReportReporter -->
<testsuite skipped="0" hostname="QTLSYS2-48" name="LendNation.QC_LendNation.CSRNewLoanPage" tests="1" failures="0" timestamp="14 Nov 2018 14:02:33 GMT" time="58.413" errors="0">
  <testcase name="ILP_borrowregNewloan" time="58.413" classname="LendNation.QC_LendNation.CSRNewLoanPage"/>
</testsuite> <!-- LendNation.QC_LendNation.CSRNewLoanPage -->
