<?xml version="1.0" encoding="UTF-8"?>
<!-- Generated by org.testng.reporters.JUnitReportReporter -->
<testsuite skipped="0" hostname="QTLSYS2-48" name="LendNation.QC_LendNation.QCCSRVoid" tests="1" failures="0" timestamp="30 Oct 2018 11:17:40 GMT" time="39.961" errors="0">
  <testcase name="RefinanceStepSameVoid" time="39.961" classname="LendNation.QC_LendNation.QCCSRVoid"/>
</testsuite> <!-- LendNation.QC_LendNation.QCCSRVoid -->
