<?xml version="1.0" encoding="UTF-8"?>
<!-- Generated by org.testng.reporters.JUnitReportReporter -->
<testsuite skipped="2" hostname="QTLSYS2-48" name="LendNation.QC_LendNation.Test_CSRpaydayLoan" tests="3" failures="0" timestamp="09 Oct 2018 13:01:18 GMT" time="7.646" errors="0">
  <testcase name="scenario1" time="7.646" classname="LendNation.QC_LendNation.Test_CSRpaydayLoan"/>
  <testcase name="scenario5" classname="LendNation.QC_LendNation.Test_CSRpaydayLoan">
    <skipped/>
  </testcase> <!-- scenario5 -->
  <testcase name="scenario2" classname="LendNation.QC_LendNation.Test_CSRpaydayLoan">
    <skipped/>
  </testcase> <!-- scenario2 -->
</testsuite> <!-- LendNation.QC_LendNation.Test_CSRpaydayLoan -->
